training set size: 1925
push set size: 1925
test set size: 7178
batch size: 50
training set size: 1925
push set size: 1925
test set size: 7178
batch size: 50
training set size: 1925
push set size: 1925
test set size: 7178
batch size: 50
start training
epoch: 	0
	warm
	train
training set size: 1925
push set size: 1925
test set size: 7178
batch size: 50
start training
epoch: 	0
	warm
	train
training set size: 1925
push set size: 1925
test set size: 7178
batch size: 50
start training
epoch: 	0
	warm
	train
training set size: 1925
push set size: 1925
test set size: 7178
batch size: 50
start training
epoch: 	0
	warm
	train
training set size: 1925
push set size: 1925
test set size: 7178
batch size: 50
start training
epoch: 	0
	warm
	train
training set size: 1925
push set size: 1925
test set size: 7178
batch size: 50
start training
epoch: 	0
	warm
	train
training set size: 1925
push set size: 1925
test set size: 7178
batch size: 50
start training
epoch: 	0
	warm
	train
training set size: 1925
push set size: 1925
test set size: 7178
batch size: 50
start training
epoch: 	0
	warm
	train
training set size: 1925
push set size: 1925
test set size: 7178
batch size: 50
start training
epoch: 	0
	warm
	train
training set size: 1925
push set size: 1925
test set size: 7178
batch size: 50
start training
epoch: 	0
	warm
	train
training set size: 1925
push set size: 1925
test set size: 7178
batch size: 50
start training
epoch: 	0
	warm
	train
	time: 	66.50650215148926
	cross ent: 	1.9301899518722143
	cluster: 	12.331188140771328
	separation:	11.256571133931478
	avg separation:	17.10174753727057
	accu: 		16.363636363636363%
	l1: 		560.0
	p dist pair: 	20.31109046936035
	test
	time: 	268.8336172103882
	cross ent: 	1.8722066597806082
	cluster: 	5.324676308366987
	separation:	5.111279977692498
	avg separation:	10.646980351871914
	accu: 		17.762607968793535%
	l1: 		560.0
	p dist pair: 	20.31109046936035
epoch: 	1
	warm
	train
	time: 	90.77978110313416
	cross ent: 	1.918261020611494
training set size: 1925
push set size: 1925
test set size: 1300
batch size: 20
start training
epoch: 	0
	warm
	train
	time: 	74.44100403785706
	cross ent: 	1.9295754334361284
	cluster: 	6.996541550478985
	separation:	6.339221085469747
	avg separation:	13.336971882692318
	accu: 		15.480519480519481%
	l1: 		560.0
	p dist pair: 	20.513446807861328
	test
	time: 	67.78538608551025
	cross ent: 	1.9290261360315175
	cluster: 	1.348818769821754
	separation:	1.1929050087928772
	avg separation:	10.556395017183744
	accu: 		15.923076923076923%
	l1: 		560.0
	p dist pair: 	20.513446807861328
epoch: 	1
	warm
	train
	time: 	72.13120889663696
	cross ent: 	1.9227894212781769
	cluster: 	0.5072793324583584
	separation:	0.4382416059061424
	avg separation:	10.47527873638979
	accu: 		17.246753246753247%
	l1: 		560.0
	p dist pair: 	20.41764259338379
	test
	time: 	55.752460956573486
	cross ent: 	1.9596537855955272
	cluster: 	0.20362412700286278
	separation:	0.15706127423506516
	avg separation:	10.527757131136381
	accu: 		16.076923076923077%
	l1: 		560.0
	p dist pair: 	20.41764259338379
epoch: 	2
	warm
	train
	time: 	79.49326086044312
	cross ent: 	1.9475102412331964
	cluster: 	0.1119390547121923
	separation:	0.08939160629338824
	avg separation:	10.531387683042546
	accu: 		15.584415584415584%
	l1: 		560.0
	p dist pair: 	20.608234405517578
	test
	time: 	86.98736381530762
	cross ent: 	1.9594098375393794
	cluster: 	0.13278450616277182
	separation:	0.10780370865876858
	avg separation:	10.627547300778902
	accu: 		15.846153846153847%
	l1: 		560.0
	p dist pair: 	20.608234405517578
epoch: 	3
	warm
	train
	time: 	100.89950489997864
	cross ent: 	1.9436581269981934
	cluster: 	0.07808132750010982
	separation:	0.060829811374244
	avg separation:	10.642196360322618
	accu: 		17.246753246753247%
	l1: 		560.0
	p dist pair: 	20.79998016357422
	test
	time: 	57.86408710479736
	cross ent: 	1.9579188961249132
	cluster: 	0.11674618033262399
	separation:	0.09739199123130395
	avg separation:	10.73680697954618
	accu: 		15.538461538461537%
	l1: 		560.0
	p dist pair: 	20.79998016357422
epoch: 	4
	warm
	train
	time: 	74.44221997261047
	cross ent: 	1.9472046217967554
	cluster: 	0.07318973729444533
	separation:	0.05869289666183831
	avg separation:	10.748882991751445
	accu: 		17.09090909090909%
	l1: 		560.0
	p dist pair: 	21.010908126831055
	test
	time: 	61.05108833312988
	cross ent: 	1.9839036464691162
	cluster: 	0.1070224351894397
	separation:	0.08378154454896083
	avg separation:	10.848108841822697
	accu: 		15.538461538461537%
	l1: 		560.0
	p dist pair: 	21.010908126831055
epoch: 	5
	joint
	train
	time: 	213.9033238887787
	cross ent: 	1.9260590740085877
	cluster: 	0.07971821441171095
	separation:	0.061915285539688523
	avg separation:	10.958184075109738
	accu: 		18.38961038961039%
	l1: 		560.0
	p dist pair: 	21.437219619750977
	test
	time: 	63.21710681915283
	cross ent: 	1.8106833833914537
	cluster: 	0.0762378928753046
	separation:	0.05837222718848632
	avg separation:	11.06790384879479
	accu: 		24.153846153846153%
	l1: 		560.0
	p dist pair: 	21.437219619750977
epoch: 	6
	joint
	train
	time: 	237.5641689300537
	cross ent: 	1.7806406586440569
	cluster: 	0.06478616376359438
	separation:	0.04969868620799989
	avg separation:	11.10039949908699
	accu: 		25.61038961038961%
	l1: 		560.0
	p dist pair: 	21.670324325561523
	test
	time: 	59.339226722717285
	cross ent: 	1.7629568806061378
	cluster: 	0.05913625872479035
	separation:	0.04061322702238193
	avg separation:	11.189393483675444
	accu: 		30.153846153846153%
	l1: 		560.0
	p dist pair: 	21.670324325561523
epoch: 	7
	joint
	train
	time: 	203.0421769618988
	cross ent: 	1.7387164892609586
	cluster: 	0.06692751838835244
	separation:	0.04982754038934855
	avg separation:	11.23686129776473
	accu: 		29.818181818181817%
	l1: 		560.0
	p dist pair: 	21.900901794433594
	test
	time: 	54.262940883636475
	cross ent: 	1.7650712568026323
	cluster: 	0.07790981619977035
	separation:	0.06145508988545491
	avg separation:	11.314417912409855
	accu: 		32.15384615384615%
	l1: 		560.0
	p dist pair: 	21.900901794433594
epoch: 	8
	joint
	train
	time: 	176.18866610527039
	cross ent: 	1.569439484901035
	cluster: 	0.0628659119157447
	separation:	0.05502045603910672
	avg separation:	11.425452645291987
	accu: 		37.506493506493506%
	l1: 		560.0
	p dist pair: 	22.23690414428711
	test
	time: 	53.06901407241821
	cross ent: 	1.6079280491058643
	cluster: 	0.058777935086534575
	separation:	0.04547567550952618
	avg separation:	11.486052659841684
	accu: 		35.61538461538461%
	l1: 		560.0
	p dist pair: 	22.23690414428711
epoch: 	9
	joint
	train
	time: 	183.5714111328125
	cross ent: 	1.2989023868570622
	cluster: 	0.043225321803510804
	separation:	0.05118066076304495
	avg separation:	11.519944407276272
	accu: 		49.714285714285715%
	l1: 		560.0
	p dist pair: 	22.273412704467773
	test
	time: 	58.41410708427429
	cross ent: 	1.544384355728443
	cluster: 	0.05169042744315588
	separation:	0.042505610519303724
	avg separation:	11.51776878650372
	accu: 		39.69230769230769%
	l1: 		560.0
	p dist pair: 	22.273412704467773
epoch: 	10
	joint
	train
	time: 	198.65480208396912
	cross ent: 	1.2038355869116242
	cluster: 	0.036902999755033514
	separation:	0.04925603185271479
	avg separation:	11.536488395376304
	accu: 		54.961038961038966%
	l1: 		560.0
	p dist pair: 	22.276872634887695
	test
	time: 	57.78843879699707
	cross ent: 	1.5758333252026484
	cluster: 	0.053255027948090665
	separation:	0.04373816837771581
	avg separation:	11.545203502361591
	accu: 		40.53846153846154%
	l1: 		560.0
	p dist pair: 	22.276872634887695
	push
training set size: 1925
push set size: 1925
test set size: 1300
batch size: 20
start training
epoch: 	0
	warm
	train
	time: 	87.27164316177368
	cross ent: 	1.926785126174848
	cluster: 	7.356760714471955
	separation:	6.610349626885247
	avg separation:	14.073388483106475
	accu: 		16.207792207792206%
	l1: 		560.0
	p dist pair: 	20.78478240966797
	test
	time: 	56.57822585105896
	cross ent: 	1.930995070017301
	cluster: 	1.4994814991950989
	separation:	1.3233101963996887
	avg separation:	10.937267486865704
	accu: 		15.769230769230768%
	l1: 		560.0
	p dist pair: 	20.78478240966797
epoch: 	1
	warm
	train
	time: 	70.95351028442383
	cross ent: 	1.9332035779953003
	cluster: 	0.6020618036542971
	separation:	0.5061403873962226
	avg separation:	10.82178020477295
	accu: 		16.363636363636363%
	l1: 		560.0
	p dist pair: 	20.67161750793457
	test
	time: 	56.096436977386475
	cross ent: 	1.944272362268888
	cluster: 	0.24588041981825462
	separation:	0.200148850106276
	avg separation:	10.783888890193058
	accu: 		16.0%
	l1: 		560.0
	p dist pair: 	20.67161750793457
epoch: 	2
	warm
	train
	time: 	72.3694269657135
	cross ent: 	1.938537416998873
	cluster: 	0.12563139576580107
	separation:	0.09905826135240879
	avg separation:	10.762994874383985
	accu: 		16.363636363636363%
	l1: 		560.0
	p dist pair: 	20.94076919555664
	test
	time: 	55.843270778656006
	cross ent: 	1.951549007342412
	cluster: 	0.11672365579467553
	separation:	0.09442972649748509
	avg separation:	10.870258954855112
	accu: 		14.846153846153845%
	l1: 		560.0
	p dist pair: 	20.94076919555664
epoch: 	3
	warm
	train
	time: 	72.21359205245972
	cross ent: 	1.9467285367631422
	cluster: 	0.08514613112837997
	separation:	0.06699449204138874
	avg separation:	10.933139368430856
	accu: 		16.77922077922078%
	l1: 		560.0
	p dist pair: 	21.235654830932617
	test
	time: 	55.33328890800476
	cross ent: 	1.9308066689051115
	cluster: 	0.11273162711698276
	separation:	0.10032983081272015
	avg separation:	11.0399065384498
	accu: 		16.692307692307693%
	l1: 		560.0
	p dist pair: 	21.235654830932617
epoch: 	4
	warm
	train
	time: 	74.0491898059845
	cross ent: 	1.9383750170776524
	cluster: 	0.08405190671688502
	separation:	0.06682118688969269
	avg separation:	11.014223098754883
	accu: 		16.83116883116883%
	l1: 		560.0
	p dist pair: 	21.247560501098633
	test
	time: 	53.634578227996826
	cross ent: 	1.9759566142008855
	cluster: 	0.08202663121315149
	separation:	0.059687840537383005
	avg separation:	11.009473323822021
	accu: 		15.769230769230768%
	l1: 		560.0
	p dist pair: 	21.247560501098633
epoch: 	5
	joint
	train
	time: 	183.78200578689575
	cross ent: 	1.8170080602783518
	cluster: 	0.08840275820843953
	separation:	0.07144807624755446
	avg separation:	11.145676662012473
	accu: 		26.181818181818183%
	l1: 		560.0
	p dist pair: 	21.486684799194336
	test
	time: 	55.85727119445801
	cross ent: 	1.8725918210469759
	cluster: 	0.09862617532221171
	separation:	0.07821201002941681
	avg separation:	11.203341997586763
	accu: 		31.076923076923073%
	l1: 		560.0
	p dist pair: 	21.486684799194336
epoch: 	6
	joint
	train
	time: 	183.18038392066956
	cross ent: 	1.647992661318828
	cluster: 	0.06821329968491781
	separation:	0.057953160256147385
	avg separation:	11.26756928630711
	accu: 		35.896103896103895%
	l1: 		560.0
	p dist pair: 	21.805709838867188
	test
	time: 	55.320619106292725
	cross ent: 	1.566540553019597
	cluster: 	0.06500475982633921
	separation:	0.06062431303927532
	avg separation:	11.319342429821308
	accu: 		38.69230769230769%
	l1: 		560.0
	p dist pair: 	21.805709838867188
epoch: 	7
	joint
	train
	time: 	193.76975798606873
	cross ent: 	1.4679243011572927
	cluster: 	0.06169900828108345
	separation:	0.06208447739481926
	avg separation:	11.387179964596463
	accu: 		42.285714285714285%
	l1: 		560.0
	p dist pair: 	21.965991973876953
	test
	time: 	545.6796691417694
	cross ent: 	1.7345553579238744
	cluster: 	0.09106194672103111
	separation:	0.08382830138389881
	avg separation:	11.446195749136118
	accu: 		36.53846153846153%
	l1: 		560.0
	p dist pair: 	21.965991973876953
epoch: 	8
	joint
	train
	time: 	179.89188194274902
	cross ent: 	1.3651875177609551
	cluster: 	0.059960414453880076
	separation:	0.074507801841522
	avg separation:	11.550446942909476
	accu: 		47.27272727272727%
	l1: 		560.0
	p dist pair: 	22.276277542114258
	test
	time: 	57.07395005226135
	cross ent: 	1.584720565722539
	cluster: 	0.06574719392049772
	separation:	0.06243666999328595
	avg separation:	11.604098686805138
	accu: 		40.61538461538461%
	l1: 		560.0
	p dist pair: 	22.276277542114258
epoch: 	9
	joint
	train
	time: 	203.63731408119202
	cross ent: 	0.9935364403675512
	cluster: 	0.035250260657870895
	separation:	0.07252247193732213
	avg separation:	11.637793806410327
	accu: 		62.33766233766234%
	l1: 		560.0
	p dist pair: 	22.28144073486328
	test
	time: 	59.02073693275452
	cross ent: 	1.5042914977440467
	cluster: 	0.05548331069831665
	separation:	0.05525330181878347
	avg separation:	11.60805526146522
	accu: 		43.53846153846154%
	l1: 		560.0
	p dist pair: 	22.28144073486328
epoch: 	10
	joint
	train
	time: 	194.72740817070007
	cross ent: 	0.8582073115196425
	cluster: 	0.027722655584286784
	separation:	0.06856661149751894
	avg separation:	11.64135887696571
	accu: 		67.16883116883116%
	l1: 		560.0
	p dist pair: 	22.28714370727539
	test
	time: 	57.52825307846069
	cross ent: 	1.5438623749292815
	cluster: 	0.05302972102967592
	separation:	0.049080874699239545
	avg separation:	11.6102598630465
	accu: 		43.0%
	l1: 		560.0
	p dist pair: 	22.28714370727539
epoch: 	11
	joint
	train
	time: 	181.76695823669434
	cross ent: 	0.7435938577676556
	cluster: 	0.022903182975871048
	separation:	0.06899260706508283
	avg separation:	11.64999003262864
	accu: 		71.11688311688312%
	l1: 		560.0
	p dist pair: 	22.293703079223633
	test
	time: 	55.18370008468628
	cross ent: 	1.5988236321852758
	cluster: 	0.05206734866190415
	separation:	0.04886567392028295
	avg separation:	11.617886433234581
	accu: 		43.38461538461538%
	l1: 		560.0
	p dist pair: 	22.293703079223633
epoch: 	12
	joint
	train
	time: 	196.94784879684448
	cross ent: 	0.6319411381618264
	cluster: 	0.01906771713042075
	separation:	0.07134339605102834
	avg separation:	11.65722434053716
	accu: 		76.36363636363637%
	l1: 		560.0
	p dist pair: 	22.30386734008789
	test
	time: 	54.093409061431885
	cross ent: 	1.6801871382273161
	cluster: 	0.051288316814372174
	separation:	0.04528310400648759
	avg separation:	11.624966071202206
	accu: 		43.84615384615385%
	l1: 		560.0
	p dist pair: 	22.30386734008789
epoch: 	13
	joint
	train
	time: 	211.9291398525238
	cross ent: 	0.5396522395696837
	cluster: 	0.01574594163115031
	separation:	0.0725254925332733
	avg separation:	11.666804697095733
	accu: 		80.15584415584416%
	l1: 		560.0
	p dist pair: 	22.316387176513672
	test
	time: 	54.230990171432495
	cross ent: 	1.7518794742914348
	cluster: 	0.05044421274214983
	separation:	0.045601759786502674
	avg separation:	11.633826109079214
	accu: 		44.53846153846154%
	l1: 		560.0
	p dist pair: 	22.316387176513672
epoch: 	14
	joint
	train
	time: 	216.28422284126282
	cross ent: 	0.4376828314870903
	cluster: 	0.013052521547129782
	separation:	0.07289160909035157
	avg separation:	11.67424636526206
	accu: 		84.57142857142857%
	l1: 		560.0
	p dist pair: 	22.315773010253906
	test
	time: 	59.71167206764221
	cross ent: 	1.7555933915651762
	cluster: 	0.05064679667926752
	separation:	0.04598040079984527
	avg separation:	11.634986107165997
	accu: 		44.53846153846154%
	l1: 		560.0
	p dist pair: 	22.315773010253906
epoch: 	15
	joint
	train
	time: 	225.83713603019714
	cross ent: 	0.42274379223277886
	cluster: 	0.012713851157537441
	separation:	0.07346888320501317
	avg separation:	11.674498656361374
	accu: 		84.51948051948051%
	l1: 		560.0
	p dist pair: 	22.31547737121582
	test
	time: 	55.70846176147461
	cross ent: 	1.7648423589192903
	cluster: 	0.05059550938984522
	separation:	0.04594340436876966
	avg separation:	11.635128351358267
	accu: 		44.84615384615385%
	l1: 		560.0
	p dist pair: 	22.31547737121582
epoch: 	16
	joint
	train
	time: 	206.8573660850525
	cross ent: 	0.41147906171906856
	cluster: 	0.012452135385811022
	separation:	0.07392759371510486
	avg separation:	11.676100780054465
	accu: 		84.98701298701299%
	l1: 		560.0
	p dist pair: 	22.316131591796875
	test
	time: 	59.85041618347168
	cross ent: 	1.7769675988417406
	cluster: 	0.05055348918988155
	separation:	0.04568914553293815
	avg separation:	11.635153403648964
	accu: 		45.0%
	l1: 		560.0
	p dist pair: 	22.316131591796875
epoch: 	17
	joint
	train
	time: 	218.55932021141052
	cross ent: 	0.398996583786169
	cluster: 	0.012229136796188108
	separation:	0.07479977584684018
	avg separation:	11.678518482090272
	accu: 		85.55844155844156%
	l1: 		560.0
	p dist pair: 	22.316669464111328
	test
	time: 	65.4441819190979
	cross ent: 	1.7849074877225435
	cluster: 	0.05069032533524128
	separation:	0.04617189816557444
	avg separation:	11.636319453899677
	accu: 		45.15384615384615%
	l1: 		560.0
	p dist pair: 	22.316669464111328
epoch: 	18
	joint
	train
	time: 	249.74489974975586
	cross ent: 	0.38962991620154724
	cluster: 	0.01196724412837978
	separation:	0.07444791107908967
	avg separation:	11.677477934925827
	accu: 		85.76623376623377%
	l1: 		560.0
	p dist pair: 	22.317119598388672
	test
	time: 	59.45460891723633
	cross ent: 	1.7951894838076372
	cluster: 	0.050781126922139756
	separation:	0.04658718303275796
	avg separation:	11.637733752910908
	accu: 		45.07692307692307%
	l1: 		560.0
	p dist pair: 	22.317119598388672
epoch: 	19
	joint
	train
	time: 	231.47234892845154
	cross ent: 	0.37820278257899675
	cluster: 	0.01186069997853225
	separation:	0.0755338019009718
	avg separation:	11.679137052948942
	accu: 		86.23376623376623%
	l1: 		560.0
	p dist pair: 	22.317127227783203
	test
	time: 	62.82427406311035
	cross ent: 	1.7966603957689726
	cluster: 	0.05077121442613693
	separation:	0.04648512558868298
	avg separation:	11.637689627133883
	accu: 		45.15384615384615%
	l1: 		560.0
	p dist pair: 	22.317127227783203
epoch: 	20
	joint
	train
	time: 	188.71702194213867
	cross ent: 	0.377076031966615
	cluster: 	0.011830878482421035
	separation:	0.07545801129230519
	avg separation:	11.679657228214225
	accu: 		86.23376623376623%
	l1: 		560.0
	p dist pair: 	22.31723976135254
	test
	time: 	56.13764786720276
	cross ent: 	1.7984843254089355
	cluster: 	0.05074423608871607
	separation:	0.04633588995784521
	avg separation:	11.637590224926289
	accu: 		45.15384615384615%
	l1: 		560.0
	p dist pair: 	22.31723976135254
epoch: 	21
	joint
	train
	time: 	188.33619284629822
	cross ent: 	0.37656884978419725
	cluster: 	0.01180297614929756
	separation:	0.07538186674265518
	avg separation:	11.677682581636095
	accu: 		86.28571428571429%
	l1: 		560.0
	p dist pair: 	22.31730842590332
	test
	time: 	53.78604984283447
	cross ent: 	1.7995713628255403
	cluster: 	0.05076268702172316
	separation:	0.04636660014064266
	avg separation:	11.637718824239878
	accu: 		45.230769230769226%
	l1: 		560.0
	p dist pair: 	22.31730842590332
epoch: 	22
	joint
	train
	time: 	179.084712266922
	cross ent: 	0.37533198043550414
	cluster: 	0.011765324721861746
	separation:	0.07514893855016257
	avg separation:	11.67784097022617
	accu: 		86.3896103896104%
	l1: 		560.0
	p dist pair: 	22.317441940307617
	test
	time: 	53.59066104888916
	cross ent: 	1.8015841337350698
	cluster: 	0.050755662485384025
	separation:	0.046261825455495946
	avg separation:	11.637710204491249
	accu: 		45.230769230769226%
	l1: 		560.0
	p dist pair: 	22.317441940307617
epoch: 	23
	joint
	train
	time: 	177.59738326072693
	cross ent: 	0.381726692248251
	cluster: 	0.012205163196939015
	separation:	0.07483135467183959
	avg separation:	11.677291073749975
	accu: 		86.3896103896104%
	l1: 		560.0
	p dist pair: 	22.31755256652832
	test
	time: 	51.52747678756714
	cross ent: 	1.8029216940586383
	cluster: 	0.050735908130613655
training set size: 1925
push set size: 1925
test set size: 696
batch size: 20
start training
epoch: 	0
	warm
	train
	time: 	90.22121405601501
	cross ent: 	1.9253135870412452
	cluster: 	7.193800794709589
	separation:	6.4412592968989895
	avg separation:	13.480503957296156
	accu: 		16.83116883116883%
	l1: 		560.0
	p dist pair: 	20.633010864257812
	test
	time: 	41.82776594161987
	cross ent: 	1.9116816588810512
	cluster: 	1.5610497679029192
	separation:	1.3457605293818882
	avg separation:	10.849094608851841
	accu: 		24.281609195402297%
	l1: 		560.0
	p dist pair: 	20.633010864257812
epoch: 	1
	warm
	train
	time: 	70.10142302513123
	cross ent: 	1.911994091014272
	cluster: 	0.63080904087455
	separation:	0.5258124796385618
	avg separation:	10.680790793035449
	accu: 		18.285714285714285%
	l1: 		560.0
	p dist pair: 	20.370424270629883
	test
	time: 	39.5213508605957
	cross ent: 	1.9154620919908796
	cluster: 	0.22236548449311938
	separation:	0.18338104443890707
	avg separation:	10.583318873814173
	accu: 		19.396551724137932%
	l1: 		560.0
	p dist pair: 	20.370424270629883
epoch: 	2
	warm
	train
	time: 	69.91982889175415
	cross ent: 	1.929391139561368
	cluster: 	0.15588465025744488
	separation:	0.1127760028562595
	avg separation:	10.716749594383632
	accu: 		19.74025974025974%
	l1: 		560.0
	p dist pair: 	20.676950454711914
	test
	time: 	46.14532494544983
	cross ent: 	1.8777893951960973
	cluster: 	0.15457526636975152
	separation:	0.12533954339368003
	avg separation:	10.797263199942453
	accu: 		21.551724137931032%
	l1: 		560.0
	p dist pair: 	20.676950454711914
epoch: 	3
	warm
	train
	time: 	83.324955701828
	cross ent: 	1.8823412914866025
	cluster: 	0.11195689677884899
	separation:	0.0812311736655604
	avg separation:	10.880290867127094
	accu: 		22.90909090909091%
	l1: 		560.0
	p dist pair: 	20.904020309448242
	test
	time: 	45.34674525260925
	cross ent: 	1.9002250841685704
	cluster: 	0.11127081449542726
	separation:	0.07997807317546436
	avg separation:	10.955750574384417
	accu: 		25.143678160919542%
	l1: 		560.0
	p dist pair: 	20.904020309448242
epoch: 	4
	warm
	train
	time: 	84.64524102210999
	cross ent: 	1.8622679562912774
	cluster: 	0.09016392157249845
	separation:	0.06373392867366064
	avg separation:	10.989766425693158
	accu: 		22.805194805194805%
	l1: 		560.0
	p dist pair: 	21.08002471923828
	test
	time: 	45.42115783691406
	cross ent: 	1.8935421364648002
	cluster: 	0.11161260934812682
	separation:	0.07489858950887407
	avg separation:	11.052212006705147
	accu: 		22.126436781609197%
	l1: 		560.0
	p dist pair: 	21.08002471923828
epoch: 	5
	joint
	train
	time: 	219.43799495697021
	cross ent: 	1.7986517874235959
	cluster: 	0.09782926838115319
	separation:	0.07139899677683398
	avg separation:	11.32690530953948
	accu: 		28.155844155844157%
	l1: 		560.0
	p dist pair: 	21.730710983276367
	test
	time: 	44.929123878479004
	cross ent: 	1.8213963202067784
	cluster: 	0.08333919782723699
	separation:	0.049617811505283625
	avg separation:	11.307168769836426
	accu: 		29.597701149425287%
	l1: 		560.0
	p dist pair: 	21.730710983276367
epoch: 	6
	joint
	train
	time: 	200.8267319202423
	cross ent: 	1.6027239843742134
	cluster: 	0.07204165935669977
	separation:	0.06379228983957742
	avg separation:	11.432877550420073
	accu: 		36.51948051948052%
	l1: 		560.0
	p dist pair: 	22.086233139038086
	test
	time: 	41.20304727554321
	cross ent: 	1.8861608045441765
	cluster: 	0.09352163331849235
	separation:	0.08133830247180802
	avg separation:	11.635031809125628
	accu: 		32.90229885057471%
	l1: 		560.0
	p dist pair: 	22.086233139038086
epoch: 	7
	joint
	train
	time: 	203.0625307559967
	cross ent: 	1.5341495103442793
	cluster: 	0.07499477328713407
	separation:	0.07161839237225424
	avg separation:	11.67207488817038
	accu: 		40.46753246753247%
	l1: 		560.0
	p dist pair: 	22.363210678100586
	test
	time: 	44.08081293106079
	cross ent: 	1.4443483710289002
	cluster: 	0.06761093714407512
	separation:	0.06778469075049673
	avg separation:	11.720660836356027
	accu: 		44.68390804597701%
	l1: 		560.0
	p dist pair: 	22.363210678100586
epoch: 	8
	joint
	train
	time: 	183.89939403533936
	cross ent: 	1.3528913112030816
	cluster: 	0.05710449976097677
	separation:	0.0729747341235274
	avg separation:	11.763164972521595
	accu: 		46.285714285714285%
	l1: 		560.0
	p dist pair: 	22.639835357666016
	test
	time: 	43.79824709892273
	cross ent: 	1.6152329751423427
	cluster: 	0.07484310407723699
	separation:	0.07959195822477341
	avg separation:	11.851358767918178
	accu: 		40.37356321839081%
	l1: 		560.0
	p dist pair: 	22.639835357666016
epoch: 	9
	joint
	train
	time: 	199.93962287902832
	cross ent: 	1.0587532551018233
	cluster: 	0.04069222513701498
	separation:	0.07461221439322245
	avg separation:	11.883028934911355
	accu: 		60.57142857142858%
	l1: 		560.0
	p dist pair: 	22.649824142456055
	test
	time: 	44.776424169540405
	cross ent: 	1.4145137974194117
	cluster: 	0.055611869479928695
	separation:	0.05443706762577806
	avg separation:	11.854877717154366
	accu: 		46.695402298850574%
	l1: 		560.0
	p dist pair: 	22.649824142456055
epoch: 	10
	joint
	train
	time: 	192.09292602539062
	cross ent: 	0.8949412476156176
	cluster: 	0.031045964880625613
	separation:	0.06784023813058421
	avg separation:	11.897116336625876
	accu: 		67.42857142857143%
	l1: 		560.0
	p dist pair: 	22.665019989013672
	test
	time: 	39.913655042648315
	cross ent: 	1.4555878060204641
	cluster: 	0.054732216122959344
	separation:	0.05215551358248506
	avg separation:	11.87841374533517
	accu: 		47.98850574712644%
	l1: 		560.0
	p dist pair: 	22.665019989013672
epoch: 	11
	joint
	train
	time: 	176.2024791240692
	cross ent: 	0.7591340034892878
	cluster: 	0.02571701364994971
	separation:	0.06837310004480106
	avg separation:	11.920485496520996
	accu: 		74.07792207792208%
	l1: 		560.0
	p dist pair: 	22.68386459350586
	test
	time: 	40.0761296749115
	cross ent: 	1.4794928567750114
	cluster: 	0.052564732570733345
	separation:	0.05251875466534069
	avg separation:	11.894789259774344
	accu: 		48.56321839080459%
	l1: 		560.0
	p dist pair: 	22.68386459350586
epoch: 	12
	joint
	train
	time: 	173.6067259311676
	cross ent: 	0.6295097439559465
	cluster: 	0.021267287231520892
	separation:	0.069521878529148
	avg separation:	11.934800836228833
	accu: 		80.41558441558442%
	l1: 		560.0
	p dist pair: 	22.70370101928711
	test
	time: 	39.948177099227905
	cross ent: 	1.5740868381091526
	cluster: 	0.054064513583268435
	separation:	0.047462583386472294
	avg separation:	11.916277149745396
	accu: 		47.98850574712644%
	l1: 		560.0
	p dist pair: 	22.70370101928711
epoch: 	13
	joint
	train
	time: 	176.3525369167328
	cross ent: 	0.5007698027436266
	cluster: 	0.01784213743719858
	separation:	0.06941527535313184
	avg separation:	11.945830482797524
	accu: 		84.77922077922078%
	l1: 		560.0
	p dist pair: 	22.7192325592041
	test
	time: 	40.01061987876892
	cross ent: 	1.6418412702424185
	cluster: 	0.054358770751527376
	separation:	0.048437889771802085
	avg separation:	11.93484616960798
	accu: 		50.0%
	l1: 		560.0
	p dist pair: 	22.7192325592041
epoch: 	14
	joint
	train
	time: 	172.98005032539368
	cross ent: 	0.39132477819305106
	cluster: 	0.015032825309821625
	separation:	0.07198910672486443
	avg separation:	11.962740003448172
	accu: 		89.35064935064935%
	l1: 		560.0
	p dist pair: 	22.723739624023438
	test
	time: 	40.10702300071716
	cross ent: 	1.632837816647121
	cluster: 	0.05324748515018395
	separation:	0.047685216952647484
	avg separation:	11.926968329293388
	accu: 		49.2816091954023%
	l1: 		560.0
	p dist pair: 	22.723739624023438
epoch: 	15
	joint
	train
	time: 	173.4227077960968
	cross ent: 	0.37584200278692637
	cluster: 	0.014683296731145112
	separation:	0.07151435380897571
	avg separation:	11.96077761699244
	accu: 		90.18181818181819%
	l1: 		560.0
	p dist pair: 	22.725303649902344
	test
	time: 	41.293150901794434
	cross ent: 	1.6451027597699845
	cluster: 	0.05324728265404701
	separation:	0.047302096070987835
	avg separation:	11.929161153520857
	accu: 		49.712643678160916%
	l1: 		560.0
	p dist pair: 	22.725303649902344
epoch: 	16
	joint
	train
	time: 	427.0498239994049
	cross ent: 	0.3620815871609855
	cluster: 	0.014199070041980018
	separation:	0.0713537945652131
	avg separation:	11.960571082596926
	accu: 		90.54545454545455%
	l1: 		560.0
	p dist pair: 	22.727121353149414
	test
	time: 	40.30729603767395
	cross ent: 	1.6581761598587037
	cluster: 	0.053260486998728346
	separation:	0.04673548303544521
	avg separation:	11.931645175388882
	accu: 		50.43103448275862%
	l1: 		560.0
	p dist pair: 	22.727121353149414
epoch: 	17
	joint
	train
	time: 	182.23512387275696
	cross ent: 	0.3497582619491312
	cluster: 	0.014028218872461123
	separation:	0.0719321063652481
	avg separation:	11.964089069169821
	accu: 		91.01298701298701%
	l1: 		560.0
	p dist pair: 	22.727800369262695
	test
	time: 	42.503129720687866
	cross ent: 	1.673758978503091
	cluster: 	0.05334918706544808
	separation:	0.04676730497074979
	avg separation:	11.931304495675223
	accu: 		49.85632183908046%
	l1: 		560.0
	p dist pair: 	22.727800369262695
epoch: 	18
	joint
	train
	time: 	181.84568786621094
	cross ent: 	0.33309469118560714
	cluster: 	0.013557249257705876
	separation:	0.07160193860991713
	avg separation:	11.964178429436437
	accu: 		91.42857142857143%
	l1: 		560.0
	p dist pair: 	22.729686737060547
	test
	time: 	40.29495906829834
	cross ent: 	1.6809168985911778
	cluster: 	0.05324478947690555
	separation:	0.04682955600853477
	avg separation:	11.933464213779994
	accu: 		50.143678160919535%
	l1: 		560.0
	p dist pair: 	22.729686737060547
epoch: 	19
	joint
	train
	time: 	182.01640391349792
	cross ent: 	0.32110476843321445
	cluster: 	0.013216608621602514
	separation:	0.072267787703841
	avg separation:	11.96661656173234
	accu: 		91.53246753246754%
	l1: 		560.0
	p dist pair: 	22.72971534729004
	test
	time: 	40.753567934036255
	cross ent: 	1.6816522427967617
	cluster: 	0.053246549623353144
	separation:	0.0467285321493234
	avg separation:	11.933239528111049
	accu: 		50.43103448275862%
	l1: 		560.0
	p dist pair: 	22.72971534729004
training set size: 1925
push set size: 1925
test set size: 696
batch size: 20
start training
epoch: 	0
	warm
	train
training set size: 19250
push set size: 19250
test set size: 696
batch size: 20
start training
epoch: 	0
	warm
	train
	time: 	526.4019649028778
	cross ent: 	1.8748143195858378
	cluster: 	0.9269645865136218
	separation:	0.7845114875054867
	avg separation:	11.497885017751534
	accu: 		22.181818181818183%
	l1: 		560.0
	p dist pair: 	22.145469665527344
	test
	time: 	39.86826181411743
	cross ent: 	1.9044099943978445
	cluster: 	0.09099923319050245
	separation:	0.05431615837982723
	avg separation:	11.593087359837122
	accu: 		18.24712643678161%
	l1: 		560.0
	p dist pair: 	22.145469665527344
epoch: 	1
	warm
	train
	time: 	495.8492681980133
	cross ent: 	1.8084357429763858
	cluster: 	0.07137466857629525
	separation:	0.05084945863018031
	avg separation:	12.027514734000803
	accu: 		26.093506493506492%
	l1: 		560.0
	p dist pair: 	23.833602905273438
	test
	time: 	39.91657495498657
	cross ent: 	1.8602511133466448
	cluster: 	0.06527611299284868
	separation:	0.03851479403674603
	avg separation:	12.393061310904367
	accu: 		25.43103448275862%
	l1: 		560.0
	p dist pair: 	23.833602905273438
epoch: 	2
	warm
	train
	time: 	563.0290176868439
	cross ent: 	1.790508945164032
	cluster: 	0.06989944672844492
	separation:	0.0493625281233561
	avg separation:	12.96329277351514
	accu: 		27.84935064935065%
	l1: 		560.0
	p dist pair: 	26.115676879882812
	test
	time: 	41.92996788024902
	cross ent: 	1.8209250654493059
	cluster: 	0.06793969539659364
	separation:	0.044316621550491875
	avg separation:	13.545429474966866
	accu: 		25.43103448275862%
	l1: 		560.0
	p dist pair: 	26.115676879882812
epoch: 	3
	warm
	train
	time: 	557.6506669521332
	cross ent: 	1.7807051199618902
	cluster: 	0.06835300175169423
	separation:	0.04812719991096022
	avg separation:	14.02206291266072
	accu: 		27.91168831168831%
	l1: 		560.0
	p dist pair: 	27.940385818481445
	test
	time: 	43.46829605102539
	cross ent: 	1.8546876089913504
	cluster: 	0.0803589301449912
	separation:	0.0532790295779705
	avg separation:	14.397461536952427
	accu: 		22.413793103448278%
	l1: 		560.0
	p dist pair: 	27.940385818481445
epoch: 	4
	warm
	train
	time: 	628.7308740615845
	cross ent: 	1.7693584928383832
	cluster: 	0.06878368735220573
	separation:	0.04949828292033321
	avg separation:	15.072441800237321
	accu: 		28.43116883116883%
	l1: 		560.0
	p dist pair: 	30.231903076171875
	test
	time: 	48.245810985565186
	cross ent: 	1.836522912979126
	cluster: 	0.0687759453696864
	separation:	0.044057336768933704
	avg separation:	15.64163693019322
	accu: 		26.00574712643678%
	l1: 		560.0
	p dist pair: 	30.231903076171875
epoch: 	5
	joint
	train
	time: 	2206.0465910434723
	cross ent: 	1.498494985071422
	cluster: 	0.05959367364652741
	separation:	0.055409872933433066
	avg separation:	15.945491733333157
	accu: 		41.24675324675325%
	l1: 		560.0
	p dist pair: 	31.55666160583496
	test
	time: 	49.31588006019592
	cross ent: 	1.5344169531549727
	cluster: 	0.07769936110292162
	separation:	0.07338142171502113
	avg separation:	16.375748334612165
	accu: 		45.258620689655174%
	l1: 		560.0
	p dist pair: 	31.55666160583496
epoch: 	6
	joint
	train
	time: 	1799.8632209300995
	cross ent: 	1.0591395831244261
	cluster: 	0.04976508712835091
	separation:	0.07513009134374428
	avg separation:	16.549265989261997
	accu: 		62.727272727272734%
	l1: 		560.0
	p dist pair: 	32.31446838378906
	test
	time: 	44.250428915023804
	cross ent: 	1.4107505525861468
	cluster: 	0.06713012967790877
	separation:	0.07092929844345365
	avg separation:	16.749397850036623
	accu: 		53.16091954022989%
	l1: 		560.0
	p dist pair: 	32.31446838378906
epoch: 	7
	joint
	train
	time: 	1879.523964881897
	cross ent: 	0.7032421507939371
	cluster: 	0.041994414562098334
	separation:	0.1097537034528711
	avg separation:	16.730407094905928
	accu: 		77.88571428571429%
	l1: 		560.0
	p dist pair: 	32.4248161315918
	test
	time: 	43.65493822097778
	cross ent: 	1.6969832045691353
	cluster: 	0.09777031445077487
training set size: 11752
push set size: 11752
test set size: 2912
batch size: 80
start training
epoch: 	0
	warm
	train
training set size: 9401
push set size: 9401
test set size: 2329
batch size: 80
start training
epoch: 	0
	warm
	train
	time: 	484.7725660800934
	cross ent: 	0.40208124634573017
	cluster: 	2.816941545676377
	separation:	9.284620927552046
	avg separation:	19.220899937516553
	accu: 		85.55472822040208%
	l1: 		120.0
	p dist pair: 	21.00235366821289
	test
	time: 	130.00923490524292
	cross ent: 	0.26833448372781277
	cluster: 	0.685690313577652
	separation:	9.935205101966858
	avg separation:	19.00321348508199
	accu: 		89.99570631172176%
	l1: 		120.0
	p dist pair: 	21.00235366821289
	above 70.00%
epoch: 	1
	warm
	train
	time: 	409.19215178489685
	cross ent: 	0.2749393950453249
	cluster: 	0.7856523599159919
	separation:	15.430590152740479
	avg separation:	23.325351407972434
	accu: 		89.66067439634081%
	l1: 		120.0
	p dist pair: 	27.518138885498047
	test
	time: 	122.04566717147827
	cross ent: 	0.27249103132635355
	cluster: 	0.9777133477230867
	separation:	22.19444743792216
	avg separation:	29.849960406621296
	accu: 		90.03864319450408%
	l1: 		120.0
	p dist pair: 	27.518138885498047
	above 70.00%
epoch: 	2
	warm
	train
	time: 	452.503053188324
	cross ent: 	0.26657736238281604
	cluster: 	1.1511932273032301
	separation:	31.03144036309194
	avg separation:	39.85234638796015
	accu: 		90.22444420806298%
	l1: 		120.0
	p dist pair: 	42.53404235839844
	test
	time: 	136.80680084228516
	cross ent: 	0.2806628082568447
	cluster: 	1.5324619238575299
	separation:	40.86146259307861
	avg separation:	50.676665465037026
	accu: 		90.25332760841563%
	l1: 		120.0
	p dist pair: 	42.53404235839844
	above 70.00%
epoch: 	3
	warm
	train
	time: 	433.6503038406372
	cross ent: 	0.25343651368708936
	cluster: 	1.5355677195524766
	separation:	49.23921071068715
	avg separation:	60.19507783146228
	accu: 		90.58610786086587%
	l1: 		120.0
	p dist pair: 	57.36796951293945
	test
	time: 	124.09531593322754
	cross ent: 	0.27752746424327296
	cluster: 	2.2622651252895594
	separation:	55.848193327585854
	avg separation:	68.25313599904378
	accu: 		89.95276942893946%
	l1: 		120.0
	p dist pair: 	57.36796951293945
	above 70.00%
epoch: 	4
	warm
	train
	time: 	459.9456307888031
	cross ent: 	0.24441978379578913
	cluster: 	1.759915342901723
	separation:	64.30792840860657
	avg separation:	76.21221047740872
	accu: 		90.17125837676842%
	l1: 		120.0
	p dist pair: 	69.9002456665039
	test
	time: 	145.00520396232605
	cross ent: 	0.2659305178870757
	cluster: 	2.0983435635765395
	separation:	66.29642470677693
	avg separation:	79.60825443267822
	accu: 		89.82395878059253%
	l1: 		120.0
	p dist pair: 	69.9002456665039
	above 70.00%
training set size: 11752
push set size: 11752
test set size: 2912
batch size: 80
start training
epoch: 	0
	warm
	train
	time: 	496.1592733860016
	cross ent: 	0.364757260396367
	cluster: 	2.1246847982714776
	separation:	10.045440196990967
	avg separation:	19.47859223034917
	accu: 		86.24914908100749%
	l1: 		120.0
	p dist pair: 	21.772916793823242
	test
	time: 	148.50580883026123
	cross ent: 	0.275029489894708
	cluster: 	0.6869250923395157
	separation:	15.001068528493246
	avg separation:	22.626007270812988
	accu: 		89.76648351648352%
	l1: 		120.0
	p dist pair: 	21.772916793823242
	above 70.00%
epoch: 	1
	warm
	train
	time: 	508.0910258293152
	cross ent: 	0.2738018276638725
	cluster: 	0.956716811069015
	separation:	23.08036399374203
	avg separation:	31.919322759926725
	accu: 		89.91660993873384%
	l1: 		120.0
	p dist pair: 	36.4089241027832
	test
	time: 	172.41594123840332
	cross ent: 	0.2998563528060913
	cluster: 	1.2161408563454945
	separation:	33.2026954015096
	avg separation:	43.90722122192383
	accu: 		89.6978021978022%
	l1: 		120.0
	p dist pair: 	36.4089241027832
	above 70.00%
epoch: 	2
	warm
	train
	time: 	538.9865810871124
	cross ent: 	0.2656214004572557
	cluster: 	1.3994581997394562
	separation:	41.3268045178887
	avg separation:	53.23150886483744
	accu: 		90.22294077603812%
	l1: 		120.0
	p dist pair: 	52.939876556396484
	test
	time: 	143.7186198234558
	cross ent: 	0.2579056287805239
	cluster: 	1.793695049484571
	separation:	52.792541376749675
	avg separation:	64.25041631062825
	accu: 		90.4532967032967%
	l1: 		120.0
	p dist pair: 	52.939876556396484
	above 70.00%
epoch: 	3
	warm
	train
	time: 	511.3637433052063
	cross ent: 	0.24960376864590614
	cluster: 	1.8158417358284904
	separation:	58.69618650682929
	avg separation:	71.63332322827813
	accu: 		90.5207624234173%
	l1: 		120.0
	p dist pair: 	66.36880493164062
	test
	time: 	143.67046999931335
	cross ent: 	0.2691533207893372
	cluster: 	2.2040463368097942
	separation:	67.43669153849284
	avg separation:	80.03569513956705
	accu: 		90.10989010989012%
	l1: 		120.0
	p dist pair: 	66.36880493164062
	above 70.00%
epoch: 	4
	warm
	train
	time: 	506.9949209690094
	cross ent: 	0.24974059369288334
	cluster: 	2.10521151388989
	separation:	69.42157911443385
	avg separation:	83.2338376726423
	accu: 		90.30803267528931%
	l1: 		120.0
	p dist pair: 	74.26573181152344
	test
	time: 	145.75205302238464
	cross ent: 	0.2590887725353241
	cluster: 	2.6282884538173676
	separation:	74.86113548278809
	avg separation:	87.996009572347
	accu: 		90.21291208791209%
	l1: 		120.0
	p dist pair: 	74.26573181152344
	above 70.00%
training set size: 23504
push set size: 23504
test set size: 5824
batch size: 80
start training
epoch: 	0
	warm
	train
	time: 	999.9083189964294
	cross ent: 	0.3297395727970973
	cluster: 	1.7615231649608027
	separation:	17.796936083813105
	avg separation:	27.474257644341918
	accu: 		87.98927842069435%
	l1: 		120.0
	p dist pair: 	36.71879959106445
	test
	time: 	258.0135979652405
	cross ent: 	0.23275152278148523
	cluster: 	0.6212338398573762
	separation:	27.200714757886985
	avg separation:	40.433893106751526
	accu: 		90.83104395604396%
	l1: 		120.0
	p dist pair: 	36.71879959106445
	above 70.00%
epoch: 	1
	warm
	train
	time: 	1443.3150038719177
	cross ent: 	0.26921052493307057
	cluster: 	1.6226811944728805
	separation:	47.02551379820117
	avg separation:	60.302024309327
	accu: 		89.76344452008169%
	l1: 		120.0
	p dist pair: 	62.805564880371094
	test
	time: 	275.83150577545166
	cross ent: 	0.2416256182527138
	cluster: 	1.6324775011862738
	separation:	60.6758320048704
	avg separation:	74.91834168514963
	accu: 		91.07142857142857%
	l1: 		120.0
	p dist pair: 	62.805564880371094
	above 70.00%
epoch: 	2
	warm
	train
training set size: 11752
push set size: 11752
test set size: 2912
batch size: 80
start training
epoch: 	0
	warm
	train
	time: 	539.4135539531708
	cross ent: 	0.37612204811199995
	cluster: 	2.4524768301013378
	separation:	9.6356930083969
	avg separation:	19.386954859000486
	accu: 		85.82368958475153%
	l1: 		120.0
	p dist pair: 	21.31682777404785
	test
	time: 	145.78758001327515
	cross ent: 	0.25319395984212556
	cluster: 	0.6279153803984324
	separation:	12.587058798472087
	avg separation:	20.73847541809082
	accu: 		90.24725274725274%
	l1: 		120.0
	p dist pair: 	21.31682777404785
	above 70.00%
epoch: 	1
	warm
	train
	time: 	528.4251050949097
	cross ent: 	0.2798223822903471
	cluster: 	0.883655499844324
	separation:	19.44990379956304
	avg separation:	27.535971219847802
	accu: 		89.6358066712049%
	l1: 		120.0
	p dist pair: 	32.4792594909668
	test
	time: 	177.9078049659729
	cross ent: 	0.253616901114583
	cluster: 	0.895010360578696
	separation:	28.062298075358072
	avg separation:	36.90444488525391
	accu: 		90.48763736263736%
	l1: 		120.0
	p dist pair: 	32.4792594909668
	above 70.00%
epoch: 	2
	joint
	train
	time: 	1750.8971908092499
	cross ent: 	0.2805022999999069
	cluster: 	1.6326785605071352
	separation:	36.72063819567362
	avg separation:	45.67475029562606
	accu: 		89.93362831858407%
	l1: 		120.0
	p dist pair: 	41.13832092285156
	test
	time: 	157.8754448890686
	cross ent: 	0.13916293109456698
	cluster: 	0.9884551599621773
	separation:	55.35740725199381
	avg separation:	60.889291508992514
	accu: 		96.05082417582418%
	l1: 		120.0
	p dist pair: 	41.13832092285156
	above 70.00%
epoch: 	3
	joint
	train
	time: 	1550.0964660644531
	cross ent: 	0.16873723843774827
	cluster: 	1.2143924966150401
	separation:	55.875049185590676
	avg separation:	65.28078146694469
	accu: 		94.41797140912185%
	l1: 		120.0
	p dist pair: 	51.18937683105469
	test
	time: 	150.09117794036865
	cross ent: 	0.15670368485152722
	cluster: 	0.6470114702979723
	separation:	65.75810063680014
	avg separation:	74.3580930074056
	accu: 		92.23901098901099%
	l1: 		120.0
	p dist pair: 	51.18937683105469
	above 70.00%
epoch: 	4
	joint
	train
	time: 	1639.170197725296
	cross ent: 	0.1792257002421788
	cluster: 	1.9859567549155683
	separation:	70.87875802176339
	avg separation:	80.58206109286976
	accu: 		93.89891082368959%
	l1: 		120.0
	p dist pair: 	59.787715911865234
	test
	time: 	184.28497505187988
	cross ent: 	0.23013705934087436
	cluster: 	1.61275797833999
	separation:	75.15342254638672
	avg separation:	85.55647404988606
	accu: 		87.39697802197803%
	l1: 		120.0
	p dist pair: 	59.787715911865234
	above 70.00%
training set size: 11752
push set size: 11752
test set size: 2912
batch size: 80
start training
epoch: 	0
	warm
	train
	time: 	629.773853302002
	cross ent: 	0.3909730969034896
	cluster: 	2.2340675270070833
	separation:	11.370902502617868
	avg separation:	24.63422410666537
	accu: 		85.80667120490129%
	l1: 		120.0
	p dist pair: 	25.798051834106445
	test
	time: 	156.98985719680786
	cross ent: 	0.2775457556049029
	cluster: 	1.0613231003284453
	separation:	19.910350799560547
	avg separation:	29.87810490926107
	accu: 		90.41895604395604%
	l1: 		120.0
	p dist pair: 	25.798051834106445
	above 70.00%
epoch: 	1
	warm
	train
	time: 	532.7358384132385
	cross ent: 	0.2687623543398721
	cluster: 	1.0521743532751693
	separation:	26.286800890552755
	avg separation:	37.86215487629378
	accu: 		89.79748127978216%
	l1: 		120.0
	p dist pair: 	37.70310592651367
	test
	time: 	170.21093106269836
	cross ent: 	0.2656238024433454
	cluster: 	1.0766007125377655
	separation:	31.32279415130615
	avg separation:	45.23215522766113
	accu: 		89.90384615384616%
	l1: 		120.0
	p dist pair: 	37.70310592651367
	above 70.00%
epoch: 	2
	joint
	train
	time: 	1570.224219083786
	cross ent: 	0.3223821404991912
	cluster: 	0.7160444511544137
	separation:	7.58121354604254
	avg separation:	36.19341134051887
	accu: 		87.18515997277059%
	l1: 		120.0
	p dist pair: 	39.36101150512695
	test
	time: 	146.1743619441986
	cross ent: 	0.20552662387490273
	cluster: 	1.1214845448732376
	separation:	31.610681788126627
	avg separation:	50.25702425638835
	accu: 		94.57417582417582%
	l1: 		120.0
	p dist pair: 	39.36101150512695
	above 70.00%
epoch: 	3
	joint
training set size: 11752
push set size: 11752
test set size: 2912
batch size: 80
start training
epoch: 	0
	warm
	train
	time: 	570.547886133194
	cross ent: 	0.37602967743565435
	cluster: 	2.2475344936052957
	separation:	11.033275750218605
	avg separation:	20.800326730118318
	accu: 		86.05343771272975%
	l1: 		120.0
	p dist pair: 	22.481843948364258
	test
	time: 	186.57735896110535
	cross ent: 	0.2832177976767222
	cluster: 	0.7222135076920192
	separation:	14.089770634969076
	avg separation:	23.22245388031006
	accu: 		88.5989010989011%
	l1: 		120.0
	p dist pair: 	22.481843948364258
	above 70.00%
	push
training set size: 11752
push set size: 47009
test set size: 2912
batch size: 80
start training
epoch: 	0
	warm
	train
	time: 	617.2644259929657
	cross ent: 	0.35982604740428276
	cluster: 	2.3167091342462163
	separation:	13.962088487586197
	avg separation:	22.671317703869878
	accu: 		86.55547991831178%
	l1: 		120.0
	p dist pair: 	24.702848434448242
	test
	time: 	188.2776801586151
	cross ent: 	0.2809240718682607
	cluster: 	0.9564171115557353
training set size: 11752
push set size: 11752
test set size: 2912
batch size: 200
start training
epoch: 	0
	warm
	train
	time: 	629.1561522483826
	cross ent: 	0.5168245298377538
	cluster: 	3.986058235168457
	separation:	7.701992220797782
	avg separation:	17.850812895823335
	accu: 		82.70081688223281%
	l1: 		30.0
	p dist pair: 	19.19537925720215
	test
	time: 	181.49237608909607
	cross ent: 	0.3316631396611532
	cluster: 	0.7100779036680858
	separation:	7.72375979423523
	avg separation:	16.63541825612386
	accu: 		88.87362637362637%
	l1: 		30.0
	p dist pair: 	19.19537925720215
	above 70.00%
epoch: 	1
	warm
	train
	time: 	573.3349380493164
	cross ent: 	0.29684471831483356
	cluster: 	0.67473092422647
	separation:	10.892980915004925
	avg separation:	18.68985389450849
	accu: 		89.41456773315181%
	l1: 		30.0
	p dist pair: 	21.598949432373047
	test
	time: 	186.17944073677063
	cross ent: 	0.27660989165306094
	cluster: 	0.7718217879533767
	separation:	15.822992706298828
	avg separation:	22.163591639200845
	accu: 		89.45741758241759%
	l1: 		30.0
	p dist pair: 	21.598949432373047
	above 70.00%
epoch: 	2
	joint
	train
	time: 	1480.979919910431
	cross ent: 	0.30683381640810076
	cluster: 	0.815522984933045
	separation:	14.267149198863466
	avg separation:	23.57035400907872
	accu: 		87.97651463580667%
	l1: 		30.0
	p dist pair: 	25.481605529785156
	test
	time: 	147.26778411865234
	cross ent: 	0.18666913496951262
	cluster: 	0.5475571677088737
	separation:	28.956802622477213
	avg separation:	32.43686968485515
	accu: 		94.0934065934066%
	l1: 		30.0
	p dist pair: 	25.481605529785156
	above 70.00%
epoch: 	3
	joint
	train
	time: 	1676.7720890045166
	cross ent: 	0.20057041198015213
	cluster: 	0.8912568844981112
	separation:	35.01779216831013
	avg separation:	39.93632358615681
	accu: 		93.43090537780803%
	l1: 		30.0
	p dist pair: 	34.67094802856445
	test
	time: 	143.0463490486145
	cross ent: 	0.11632413808256388
	cluster: 	0.4664608118434747
	separation:	45.043052927652994
	avg separation:	48.9795031229655
	accu: 		96.46291208791209%
	l1: 		30.0
	p dist pair: 	34.67094802856445
	above 70.00%
epoch: 	4
	joint
	train
	time: 	1670.2814528942108
	cross ent: 	0.155887710530374
	cluster: 	0.9378739890910811
	separation:	51.61898829573292
	avg separation:	56.64661556179241
	accu: 		95.4220558202859%
	l1: 		30.0
	p dist pair: 	45.07273864746094
	test
	time: 	148.66455912590027
	cross ent: 	0.14395155732830364
	cluster: 	1.1463056047757467
	separation:	60.93992144266765
	avg separation:	65.95221570332845
	accu: 		96.05082417582418%
	l1: 		30.0
	p dist pair: 	45.07273864746094
	above 70.00%
	push
	Executing push ...
	push time: 	545.5806119441986
	test
	time: 	156.28455114364624
	cross ent: 	0.3768726059546073
	cluster: 	0.5675373017787934
	separation:	29.07723070780436
	avg separation:	40.83650932312012
	accu: 		91.03708791208791%
	l1: 		30.0
	p dist pair: 	15.708788871765137
	above 70.00%
	last layer
iteration: 	0
	train
	time: 	647.2067530155182
	cross ent: 	0.3355008325839447
	cluster: 	0.5644205912189969
	separation:	29.11875068535239
	avg separation:	41.0546230380818
	accu: 		92.21409121851599%
	l1: 		29.998859405517578
	p dist pair: 	15.708788871765137
	test
	time: 	172.55160903930664
	cross ent: 	0.3669090633591016
	cluster: 	0.5675373017787934
	separation:	29.07723070780436
	avg separation:	40.83650932312012
	accu: 		91.17445054945054%
	l1: 		29.998859405517578
	p dist pair: 	15.708788871765137
	above 70.00%
iteration: 	1
	train
	time: 	583.5863239765167
	cross ent: 	0.3275040292133719
	cluster: 	0.5663367296426983
	separation:	29.11662935806533
	avg separation:	41.051905357231526
	accu: 		92.32471068754255%
	l1: 		29.998641967773438
	p dist pair: 	15.708788871765137
	test
	time: 	148.24626398086548
	cross ent: 	0.35741771000127
	cluster: 	0.5675373017787934
	separation:	29.07723070780436
	avg separation:	40.83650932312012
	accu: 		91.24313186813187%
	l1: 		29.998641967773438
	p dist pair: 	15.708788871765137
	above 70.00%
iteration: 	2
	train
	time: 	530.1282579898834
	cross ent: 	0.3203690632925195
	cluster: 	0.5670719980183294
	separation:	29.11178094249661
	avg separation:	41.04284215377549
	accu: 		92.4353301565691%
	l1: 		29.998104095458984
	p dist pair: 	15.708788871765137
	test
	time: 	156.84540796279907
	cross ent: 	0.3480524864047766
	cluster: 	0.5675373017787934
	separation:	29.07723070780436
	avg separation:	40.83650932312012
	accu: 		91.34615384615384%
	l1: 		29.998104095458984
	p dist pair: 	15.708788871765137
	above 70.00%
iteration: 	3
	train
	time: 	559.1782159805298
	cross ent: 	0.3124080911531287
	cluster: 	0.566769866872642
	separation:	29.111511165812864
	avg separation:	41.044898986816406
	accu: 		92.50340367597005%
	l1: 		29.996986389160156
	p dist pair: 	15.708788871765137
	test
	time: 	147.82505702972412
	cross ent: 	0.33878575209528206
	cluster: 	0.5675373017787934
	separation:	29.07723070780436
	avg separation:	40.83650932312012
	accu: 		91.51785714285714%
	l1: 		29.996986389160156
	p dist pair: 	15.708788871765137
	above 70.00%
iteration: 	4
	train
	time: 	546.6804609298706
	cross ent: 	0.3044709103592372
	cluster: 	0.5652341158208201
	separation:	29.113455368300617
	avg separation:	41.04490364204019
	accu: 		92.69060585432267%
	l1: 		29.99493980407715
	p dist pair: 	15.708788871765137
	test
	time: 	162.64460802078247
	cross ent: 	0.32997844309235613
	cluster: 	0.5675373017787934
	separation:	29.07723070780436
	avg separation:	40.83650932312012
	accu: 		91.68956043956044%
	l1: 		29.99493980407715
	p dist pair: 	15.708788871765137
	above 70.00%
iteration: 	5
	train
	time: 	556.5308179855347
	cross ent: 	0.2966157261092784
	cluster: 	0.5638795001274448
	separation:	29.11662867917853
	avg separation:	41.05148108530853
	accu: 		92.8352620830497%
	l1: 		29.992694854736328
	p dist pair: 	15.708788871765137
	test
	time: 	146.08538222312927
	cross ent: 	0.32142044734209774
	cluster: 	0.5675373017787934
	separation:	29.07723070780436
	avg separation:	40.83650932312012
	accu: 		91.79258241758241%
	l1: 		29.992694854736328
	p dist pair: 	15.708788871765137
	above 70.00%
iteration: 	6
	train
	time: 	524.1138837337494
	cross ent: 	0.2892981991171837
	cluster: 	0.5656006095015397
	separation:	29.117640543792206
	avg separation:	41.053793891001554
	accu: 		92.90333560245064%
	l1: 		29.992517471313477
	p dist pair: 	15.708788871765137
	test
	time: 	169.22857403755188
	cross ent: 	0.3129375213446716
	cluster: 	0.5675373017787934
	separation:	29.07723070780436
	avg separation:	40.83650932312012
	accu: 		91.8956043956044%
	l1: 		29.992517471313477
	p dist pair: 	15.708788871765137
	above 70.00%
iteration: 	7
	train
	time: 	527.1007521152496
	cross ent: 	0.2829943390215858
	cluster: 	0.5636955278657251
	separation:	29.113802344112074
	avg separation:	41.04769981513589
	accu: 		92.94588155207623%
	l1: 		29.99002456665039
	p dist pair: 	15.708788871765137
	test
	time: 	151.75739693641663
	cross ent: 	0.3048399067173401
	cluster: 	0.5675373017787934
	separation:	29.07723070780436
	avg separation:	40.83650932312012
	accu: 		91.92994505494505%
	l1: 		29.99002456665039
	p dist pair: 	15.708788871765137
	above 70.00%
iteration: 	8
	train
	time: 	509.37853479385376
	cross ent: 	0.2755878807629569
	cluster: 	0.5647341771903684
	separation:	29.120542041325972
	avg separation:	41.05453077413268
	accu: 		93.03948264125256%
	l1: 		29.98529052734375
	p dist pair: 	15.708788871765137
	test
	time: 	140.2934501171112
	cross ent: 	0.2967835670647522
	cluster: 	0.5675373017787934
	separation:	29.07723070780436
	avg separation:	40.83650932312012
	accu: 		92.03296703296702%
	l1: 		29.98529052734375
	p dist pair: 	15.708788871765137
	above 70.00%
iteration: 	9
	train
	time: 	509.6449341773987
	cross ent: 	0.26938662425441257
	cluster: 	0.5650888234376907
	separation:	29.12176025519937
	avg separation:	41.05596561755164
	accu: 		93.1501021102791%
	l1: 		29.98273277282715
	p dist pair: 	15.708788871765137
	test
	time: 	140.89578127861023
	cross ent: 	0.2892530381679535
	cluster: 	0.5675373017787934
	separation:	29.07723070780436
	avg separation:	40.83650932312012
	accu: 		92.13598901098901%
	l1: 		29.98273277282715
	p dist pair: 	15.708788871765137
	above 70.00%
iteration: 	10
	train
	time: 	489.2384889125824
	cross ent: 	0.26295402027287723
	cluster: 	0.5655830561862154
	separation:	29.111551769709184
	avg separation:	41.04407960277493
	accu: 		93.26923076923077%
	l1: 		29.979618072509766
	p dist pair: 	15.708788871765137
	test
	time: 	140.1087999343872
	cross ent: 	0.2817592829000205
	cluster: 	0.5675373017787934
	separation:	29.07723070780436
	avg separation:	40.83650932312012
	accu: 		92.20467032967034%
	l1: 		29.979618072509766
	p dist pair: 	15.708788871765137
	above 70.00%
iteration: 	11
	train
	time: 	497.914510011673
	cross ent: 	0.2569063675858207
	cluster: 	0.5647425503801491
	separation:	29.115244913909393
	avg separation:	41.05051900572696
	accu: 		93.3287950987066%
	l1: 		29.975940704345703
	p dist pair: 	15.708788871765137
	test
	time: 	142.3140857219696
	cross ent: 	0.2745744544391831
	cluster: 	0.5675373017787934
	separation:	29.07723070780436
	avg separation:	40.83650932312012
	accu: 		92.34203296703298%
	l1: 		29.975940704345703
	p dist pair: 	15.708788871765137
	above 70.00%
iteration: 	12
	train
	time: 	497.11750292778015
	cross ent: 	0.2509270550335868
	cluster: 	0.565593570975934
	separation:	29.11962680493371
	avg separation:	41.05409027358233
	accu: 		93.44792375765827%
	l1: 		29.971559524536133
	p dist pair: 	15.708788871765137
	test
	time: 	138.75621914863586
	cross ent: 	0.26761437084836265
	cluster: 	0.5675373017787934
	separation:	29.07723070780436
	avg separation:	40.83650932312012
	accu: 		92.44505494505495%
	l1: 		29.971559524536133
	p dist pair: 	15.708788871765137
	above 70.00%
iteration: 	13
	train
	time: 	579.5258049964905
	cross ent: 	0.2452957561965716
	cluster: 	0.5636614705041304
	separation:	29.116513333078156
	avg separation:	41.049255759029066
	accu: 		93.55854322668482%
	l1: 		29.966575622558594
	p dist pair: 	15.708788871765137
	test
	time: 	159.2448627948761
	cross ent: 	0.2610382568401595
	cluster: 	0.5675373017787934
	separation:	29.07723070780436
	avg separation:	40.83650932312012
	accu: 		92.61675824175825%
	l1: 		29.966575622558594
	p dist pair: 	15.708788871765137
	above 70.00%
iteration: 	14
	train
	time: 	532.787938117981
	cross ent: 	0.24018923799365255
	cluster: 	0.5676399617124412
	separation:	29.114174891326385
	avg separation:	41.05111985287424
	accu: 		93.66065350578626%
	l1: 		29.961685180664062
	p dist pair: 	15.708788871765137
	test
	time: 	148.490464925766
	cross ent: 	0.2544892290607095
	cluster: 	0.5675373017787934
	separation:	29.07723070780436
	avg separation:	40.83650932312012
	accu: 		92.78846153846155%
	l1: 		29.961685180664062
	p dist pair: 	15.708788871765137
	above 70.00%
iteration: 	15
	train
	time: 	500.93644404411316
	cross ent: 	0.2346705250063185
	cluster: 	0.5655936564681894
	separation:	29.11526734950179
	avg separation:	41.04751347687285
	accu: 		93.79680054458815%
	l1: 		29.956939697265625
	p dist pair: 	15.708788871765137
	test
	time: 	137.97478032112122
	cross ent: 	0.24834276749752462
	cluster: 	0.5675373017787934
	separation:	29.07723070780436
	avg separation:	40.83650932312012
	accu: 		92.89148351648352%
	l1: 		29.956939697265625
	p dist pair: 	15.708788871765137
	above 70.00%
iteration: 	16
	train
	time: 	495.9858548641205
	cross ent: 	0.22937201620158504
	cluster: 	0.5636838754102335
	separation:	29.11694555767512
	avg separation:	41.051191362283994
	accu: 		93.92443839346494%
	l1: 		29.95194435119629
	p dist pair: 	15.708788871765137
	test
	time: 	141.13759589195251
	cross ent: 	0.24234161591157316
	cluster: 	0.5675373017787934
	separation:	29.07723070780436
	avg separation:	40.83650932312012
	accu: 		92.96016483516483%
	l1: 		29.95194435119629
	p dist pair: 	15.708788871765137
	above 70.00%
iteration: 	17
	train
	time: 	526.2658619880676
	cross ent: 	0.2257815910092855
	cluster: 	0.5685967253678936
	separation:	29.11909669132556
	avg separation:	41.052179627499335
	accu: 		93.9925119128659%
	l1: 		29.946317672729492
	p dist pair: 	15.708788871765137
	test
	time: 	146.9133529663086
	cross ent: 	0.23657813570462166
	cluster: 	0.5675373017787934
	separation:	29.07723070780436
	avg separation:	40.83650932312012
	accu: 		93.09752747252747%
	l1: 		29.946317672729492
	p dist pair: 	15.708788871765137
	above 70.00%
iteration: 	18
	train
	time: 	532.3084568977356
	cross ent: 	0.22023217196939354
	cluster: 	0.5650723217907598
	separation:	29.114157983812234
	avg separation:	41.04966535406598
	accu: 		94.05207624234173%
	l1: 		29.939483642578125
	p dist pair: 	15.708788871765137
	test
	time: 	141.16838598251343
	cross ent: 	0.23107976767544944
	cluster: 	0.5675373017787934
	separation:	29.07723070780436
	avg separation:	40.83650932312012
	accu: 		93.26923076923077%
	l1: 		29.939483642578125
	p dist pair: 	15.708788871765137
	above 70.00%
iteration: 	19
	train
	time: 	505.09262108802795
	cross ent: 	0.21566908970727758
	cluster: 	0.5660522376834336
	separation:	29.11850066104178
	avg separation:	41.053384877867614
	accu: 		94.11164057181757%
	l1: 		29.933700561523438
	p dist pair: 	15.708788871765137
	test
	time: 	143.30453515052795
	cross ent: 	0.2257417224192371
	cluster: 	0.5675373017787934
	separation:	29.07723070780436
	avg separation:	40.83650932312012
	accu: 		93.50961538461539%
	l1: 		29.933700561523438
	p dist pair: 	15.708788871765137
	above 70.00%
